*** Starting uWSGI 2.0.8 (64bit) on [Mon Dec  8 06:22:41 2014] ***
compiled with version: 4.8.2 on 07 December 2014 22:47:15
os: Linux-3.13.0-32-generic #57-Ubuntu SMP Tue Jul 15 03:51:08 UTC 2014
nodename: nginx-webserver
machine: x86_64
clock source: unix
detected number of CPU cores: 1
current working directory: /webserver/test2
detected binary path: /usr/bin/uwsgi
!!! no internal routing support, rebuild with pcre support !!!
*** WARNING: you are running uWSGI without its master process manager ***
your processes number limit is 3439
your memory page size is 4096 bytes
detected max file descriptor number: 1024
lock engine: pthread robust mutexes
thunder lock: disabled (you can enable it with --thunder-lock)
uwsgi socket 0 bound to TCP address 127.0.0.1:8080 fd 3
Python version: 3.4.0 (default, Apr 11 2014, 13:08:40)  [GCC 4.8.2]
*** Python threads support is disabled. You can enable it with --enable-threads ***
Python main interpreter initialized at 0x2039ba0
your server socket listen backlog is limited to 100 connections
your mercy for graceful operations on workers is 60 seconds
mapped 72760 bytes (71 KB) for 1 cores
*** Operational MODE: single process ***
WSGI app 0 (mountpoint='') ready in 0 seconds on interpreter 0x2039ba0 pid: 22884 (default app)
*** uWSGI is running in multiple interpreter mode ***
spawned uWSGI worker 1 (and the only) (pid: 22884, cores: 1)
[pid: 22884|app: 0|req: 1/1] 172.16.1.224 () {40 vars in 670 bytes} [Mon Dec  8 06:22:43 2014] GET / => generated 0 bytes in 0 msecs (HTTP/1.1 200) 1 headers in 61 bytes (0 switches on core 0)
[pid: 22884|app: 0|req: 2/2] 172.16.1.224 () {40 vars in 670 bytes} [Mon Dec  8 06:22:44 2014] GET / => generated 0 bytes in 0 msecs (HTTP/1.1 200) 1 headers in 61 bytes (0 switches on core 0)
[pid: 22884|app: 0|req: 3/3] 172.16.1.224 () {40 vars in 670 bytes} [Mon Dec  8 06:22:44 2014] GET / => generated 0 bytes in 0 msecs (HTTP/1.1 200) 1 headers in 61 bytes (0 switches on core 0)
[pid: 22884|app: 0|req: 4/4] 172.16.1.224 () {40 vars in 670 bytes} [Mon Dec  8 06:22:44 2014] GET / => generated 0 bytes in 0 msecs (HTTP/1.1 200) 1 headers in 61 bytes (0 switches on core 0)
[pid: 22884|app: 0|req: 5/5] 172.16.1.224 () {40 vars in 670 bytes} [Mon Dec  8 06:22:44 2014] GET / => generated 0 bytes in 0 msecs (HTTP/1.1 200) 1 headers in 61 bytes (0 switches on core 0)
[pid: 22884|app: 0|req: 6/6] 172.16.1.224 () {40 vars in 670 bytes} [Mon Dec  8 06:23:20 2014] GET / => generated 0 bytes in 0 msecs (HTTP/1.1 200) 1 headers in 61 bytes (0 switches on core 0)
*** Starting uWSGI 2.0.8 (64bit) on [Mon Dec  8 06:23:22 2014] ***
compiled with version: 4.8.2 on 07 December 2014 22:47:15
os: Linux-3.13.0-32-generic #57-Ubuntu SMP Tue Jul 15 03:51:08 UTC 2014
nodename: nginx-webserver
machine: x86_64
clock source: unix
detected number of CPU cores: 1
current working directory: /webserver/test2
detected binary path: /usr/bin/uwsgi
!!! no internal routing support, rebuild with pcre support !!!
*** WARNING: you are running uWSGI without its master process manager ***
your processes number limit is 3439
your memory page size is 4096 bytes
detected max file descriptor number: 1024
lock engine: pthread robust mutexes
thunder lock: disabled (you can enable it with --thunder-lock)
uwsgi socket 0 bound to TCP address 127.0.0.1:8080 fd 3
Python version: 3.4.0 (default, Apr 11 2014, 13:08:40)  [GCC 4.8.2]
*** Python threads support is disabled. You can enable it with --enable-threads ***
Python main interpreter initialized at 0x25e0ba0
your server socket listen backlog is limited to 100 connections
your mercy for graceful operations on workers is 60 seconds
mapped 72760 bytes (71 KB) for 1 cores
*** Operational MODE: single process ***
WSGI app 0 (mountpoint='') ready in 0 seconds on interpreter 0x25e0ba0 pid: 22910 (default app)
*** uWSGI is running in multiple interpreter mode ***
spawned uWSGI worker 1 (and the only) (pid: 22910, cores: 1)
[pid: 22910|app: 0|req: 1/1] 172.16.1.224 () {40 vars in 670 bytes} [Mon Dec  8 06:23:24 2014] GET / => generated 1202 bytes in 0 msecs (HTTP/1.1 200) 1 headers in 61 bytes (0 switches on core 0)
[pid: 22910|app: 0|req: 2/2] 172.16.1.224 () {40 vars in 670 bytes} [Mon Dec  8 06:24:40 2014] GET / => generated 1202 bytes in 0 msecs (HTTP/1.1 200) 1 headers in 61 bytes (0 switches on core 0)
*** Starting uWSGI 2.0.8 (64bit) on [Mon Dec  8 06:24:59 2014] ***
compiled with version: 4.8.2 on 07 December 2014 22:47:15
os: Linux-3.13.0-32-generic #57-Ubuntu SMP Tue Jul 15 03:51:08 UTC 2014
nodename: nginx-webserver
machine: x86_64
clock source: unix
detected number of CPU cores: 1
current working directory: /webserver/test2
detected binary path: /usr/bin/uwsgi
!!! no internal routing support, rebuild with pcre support !!!
*** WARNING: you are running uWSGI without its master process manager ***
your processes number limit is 3439
your memory page size is 4096 bytes
detected max file descriptor number: 1024
lock engine: pthread robust mutexes
thunder lock: disabled (you can enable it with --thunder-lock)
uwsgi socket 0 bound to TCP address 127.0.0.1:8080 fd 3
Python version: 3.4.0 (default, Apr 11 2014, 13:08:40)  [GCC 4.8.2]
*** Python threads support is disabled. You can enable it with --enable-threads ***
Python main interpreter initialized at 0x151bba0
your server socket listen backlog is limited to 100 connections
your mercy for graceful operations on workers is 60 seconds
mapped 72760 bytes (71 KB) for 1 cores
*** Operational MODE: single process ***
WSGI app 0 (mountpoint='') ready in 0 seconds on interpreter 0x151bba0 pid: 22913 (default app)
*** uWSGI is running in multiple interpreter mode ***
spawned uWSGI worker 1 (and the only) (pid: 22913, cores: 1)
[pid: 22913|app: 0|req: 1/1] 172.16.1.224 () {40 vars in 670 bytes} [Mon Dec  8 06:25:01 2014] GET / => generated 0 bytes in 0 msecs (HTTP/1.1 200) 1 headers in 61 bytes (0 switches on core 0)
*** Starting uWSGI 2.0.8 (64bit) on [Mon Dec  8 06:25:22 2014] ***
compiled with version: 4.8.2 on 07 December 2014 22:47:15
os: Linux-3.13.0-32-generic #57-Ubuntu SMP Tue Jul 15 03:51:08 UTC 2014
nodename: nginx-webserver
machine: x86_64
clock source: unix
detected number of CPU cores: 1
current working directory: /webserver/test2
detected binary path: /usr/bin/uwsgi
!!! no internal routing support, rebuild with pcre support !!!
*** WARNING: you are running uWSGI without its master process manager ***
your processes number limit is 3439
your memory page size is 4096 bytes
detected max file descriptor number: 1024
lock engine: pthread robust mutexes
thunder lock: disabled (you can enable it with --thunder-lock)
uwsgi socket 0 bound to TCP address 127.0.0.1:8080 fd 3
Python version: 3.4.0 (default, Apr 11 2014, 13:08:40)  [GCC 4.8.2]
*** Python threads support is disabled. You can enable it with --enable-threads ***
Python main interpreter initialized at 0xfdfba0
your server socket listen backlog is limited to 100 connections
your mercy for graceful operations on workers is 60 seconds
mapped 72760 bytes (71 KB) for 1 cores
*** Operational MODE: single process ***
WSGI app 0 (mountpoint='') ready in 0 seconds on interpreter 0xfdfba0 pid: 22965 (default app)
*** uWSGI is running in multiple interpreter mode ***
spawned uWSGI worker 1 (and the only) (pid: 22965, cores: 1)
[pid: 22965|app: 0|req: 1/1] 172.16.1.224 () {40 vars in 670 bytes} [Mon Dec  8 06:25:24 2014] GET / => generated 1202 bytes in 0 msecs (HTTP/1.1 200) 1 headers in 61 bytes (0 switches on core 0)
Traceback (most recent call last):
  File "./wsgi.py", line 16, in application
    return(type(post).encode('utf-8'))
AttributeError: type object 'dict' has no attribute 'encode'
[pid: 22965|app: 0|req: 2/2] 172.16.1.224 () {48 vars in 935 bytes} [Mon Dec  8 06:25:31 2014] POST /wsgi.py => generated 0 bytes in 52 msecs (HTTP/1.1 200) 1 headers in 61 bytes (0 switches on core 0)
Traceback (most recent call last):
  File "./wsgi.py", line 16, in application
    return(type(post).encode('utf-8'))
AttributeError: type object 'dict' has no attribute 'encode'
[pid: 22965|app: 0|req: 3/3] 172.16.1.224 () {48 vars in 935 bytes} [Mon Dec  8 06:29:31 2014] POST /wsgi.py => generated 0 bytes in 1 msecs (HTTP/1.1 200) 1 headers in 61 bytes (0 switches on core 0)
*** Starting uWSGI 2.0.8 (64bit) on [Mon Dec  8 06:31:17 2014] ***
compiled with version: 4.8.2 on 07 December 2014 22:47:15
os: Linux-3.13.0-32-generic #57-Ubuntu SMP Tue Jul 15 03:51:08 UTC 2014
nodename: nginx-webserver
machine: x86_64
clock source: unix
detected number of CPU cores: 1
current working directory: /webserver/test2
detected binary path: /usr/bin/uwsgi
!!! no internal routing support, rebuild with pcre support !!!
*** WARNING: you are running uWSGI without its master process manager ***
your processes number limit is 3439
your memory page size is 4096 bytes
detected max file descriptor number: 1024
lock engine: pthread robust mutexes
thunder lock: disabled (you can enable it with --thunder-lock)
uwsgi socket 0 bound to TCP address 127.0.0.1:8080 fd 3
Python version: 3.4.0 (default, Apr 11 2014, 13:08:40)  [GCC 4.8.2]
*** Python threads support is disabled. You can enable it with --enable-threads ***
Python main interpreter initialized at 0x244fba0
your server socket listen backlog is limited to 100 connections
your mercy for graceful operations on workers is 60 seconds
mapped 72760 bytes (71 KB) for 1 cores
*** Operational MODE: single process ***
WSGI app 0 (mountpoint='') ready in 0 seconds on interpreter 0x244fba0 pid: 22966 (default app)
*** uWSGI is running in multiple interpreter mode ***
spawned uWSGI worker 1 (and the only) (pid: 22966, cores: 1)
[pid: 22966|app: 0|req: 1/1] 172.16.1.224 () {40 vars in 670 bytes} [Mon Dec  8 06:31:19 2014] GET / => generated 1202 bytes in 0 msecs (HTTP/1.1 200) 1 headers in 61 bytes (0 switches on core 0)
[pid: 22966|app: 0|req: 2/2] 172.16.1.224 () {40 vars in 670 bytes} [Mon Dec  8 06:31:24 2014] GET / => generated 1202 bytes in 0 msecs (HTTP/1.1 200) 1 headers in 61 bytes (0 switches on core 0)
Traceback (most recent call last):
  File "./wsgi.py", line 17, in application
    for key, value in post:
ValueError: too many values to unpack (expected 2)
[pid: 22966|app: 0|req: 3/3] 172.16.1.224 () {48 vars in 935 bytes} [Mon Dec  8 06:31:31 2014] POST /wsgi.py => generated 0 bytes in 57 msecs (HTTP/1.1 200) 1 headers in 61 bytes (0 switches on core 0)
*** Starting uWSGI 2.0.8 (64bit) on [Mon Dec  8 06:32:27 2014] ***
compiled with version: 4.8.2 on 07 December 2014 22:47:15
os: Linux-3.13.0-32-generic #57-Ubuntu SMP Tue Jul 15 03:51:08 UTC 2014
nodename: nginx-webserver
machine: x86_64
clock source: unix
detected number of CPU cores: 1
current working directory: /webserver/test2
detected binary path: /usr/bin/uwsgi
!!! no internal routing support, rebuild with pcre support !!!
*** WARNING: you are running uWSGI without its master process manager ***
your processes number limit is 3439
your memory page size is 4096 bytes
detected max file descriptor number: 1024
lock engine: pthread robust mutexes
thunder lock: disabled (you can enable it with --thunder-lock)
uwsgi socket 0 bound to TCP address 127.0.0.1:8080 fd 3
Python version: 3.4.0 (default, Apr 11 2014, 13:08:40)  [GCC 4.8.2]
*** Python threads support is disabled. You can enable it with --enable-threads ***
Python main interpreter initialized at 0x2682ba0
your server socket listen backlog is limited to 100 connections
your mercy for graceful operations on workers is 60 seconds
mapped 72760 bytes (71 KB) for 1 cores
*** Operational MODE: single process ***
WSGI app 0 (mountpoint='') ready in 0 seconds on interpreter 0x2682ba0 pid: 22977 (default app)
*** uWSGI is running in multiple interpreter mode ***
spawned uWSGI worker 1 (and the only) (pid: 22977, cores: 1)
Traceback (most recent call last):
  File "./wsgi.py", line 17, in application
    for key, value in post:
ValueError: too many values to unpack (expected 2)
[pid: 22977|app: 0|req: 1/1] 172.16.1.224 () {48 vars in 935 bytes} [Mon Dec  8 06:32:30 2014] POST /wsgi.py => generated 0 bytes in 50 msecs (HTTP/1.1 200) 1 headers in 61 bytes (0 switches on core 0)
Traceback (most recent call last):
  File "./wsgi.py", line 17, in application
    for key, value in post:
ValueError: too many values to unpack (expected 2)
[pid: 22977|app: 0|req: 2/2] 172.16.1.224 () {48 vars in 935 bytes} [Mon Dec  8 06:32:34 2014] POST /wsgi.py => generated 0 bytes in 1 msecs (HTTP/1.1 200) 1 headers in 61 bytes (0 switches on core 0)
Traceback (most recent call last):
  File "./wsgi.py", line 17, in application
    for key, value in post:
ValueError: too many values to unpack (expected 2)
[pid: 22977|app: 0|req: 3/3] 172.16.1.224 () {48 vars in 935 bytes} [Mon Dec  8 06:32:35 2014] POST /wsgi.py => generated 0 bytes in 0 msecs (HTTP/1.1 200) 1 headers in 61 bytes (0 switches on core 0)
Traceback (most recent call last):
  File "./wsgi.py", line 17, in application
    for key, value in post:
ValueError: too many values to unpack (expected 2)
[pid: 22977|app: 0|req: 4/4] 172.16.1.224 () {48 vars in 935 bytes} [Mon Dec  8 06:33:59 2014] POST /wsgi.py => generated 0 bytes in 0 msecs (HTTP/1.1 200) 1 headers in 61 bytes (0 switches on core 0)
*** Starting uWSGI 2.0.8 (64bit) on [Mon Dec  8 06:34:01 2014] ***
compiled with version: 4.8.2 on 07 December 2014 22:47:15
os: Linux-3.13.0-32-generic #57-Ubuntu SMP Tue Jul 15 03:51:08 UTC 2014
nodename: nginx-webserver
machine: x86_64
clock source: unix
detected number of CPU cores: 1
current working directory: /webserver/test2
detected binary path: /usr/bin/uwsgi
!!! no internal routing support, rebuild with pcre support !!!
*** WARNING: you are running uWSGI without its master process manager ***
your processes number limit is 3439
your memory page size is 4096 bytes
detected max file descriptor number: 1024
lock engine: pthread robust mutexes
thunder lock: disabled (you can enable it with --thunder-lock)
uwsgi socket 0 bound to TCP address 127.0.0.1:8080 fd 3
Python version: 3.4.0 (default, Apr 11 2014, 13:08:40)  [GCC 4.8.2]
*** Python threads support is disabled. You can enable it with --enable-threads ***
Python main interpreter initialized at 0xbbfba0
your server socket listen backlog is limited to 100 connections
your mercy for graceful operations on workers is 60 seconds
mapped 72760 bytes (71 KB) for 1 cores
*** Operational MODE: single process ***
WSGI app 0 (mountpoint='') ready in 0 seconds on interpreter 0xbbfba0 pid: 22979 (default app)
*** uWSGI is running in multiple interpreter mode ***
spawned uWSGI worker 1 (and the only) (pid: 22979, cores: 1)
Traceback (most recent call last):
  File "./wsgi.py", line 17, in application
    for key, value in post:
ValueError: too many values to unpack (expected 2)
[pid: 22979|app: 0|req: 1/1] 172.16.1.224 () {48 vars in 935 bytes} [Mon Dec  8 06:34:03 2014] POST /wsgi.py => generated 0 bytes in 51 msecs (HTTP/1.1 200) 1 headers in 61 bytes (0 switches on core 0)
Traceback (most recent call last):
  File "./wsgi.py", line 17, in application
    for key, value in post:
ValueError: too many values to unpack (expected 2)
[pid: 22979|app: 0|req: 2/2] 172.16.1.224 () {48 vars in 935 bytes} [Mon Dec  8 06:34:06 2014] POST /wsgi.py => generated 0 bytes in 1 msecs (HTTP/1.1 200) 1 headers in 61 bytes (0 switches on core 0)
Traceback (most recent call last):
  File "./wsgi.py", line 17, in application
    for key, value in post:
ValueError: too many values to unpack (expected 2)
[pid: 22979|app: 0|req: 3/3] 172.16.1.224 () {48 vars in 935 bytes} [Mon Dec  8 06:34:06 2014] POST /wsgi.py => generated 0 bytes in 0 msecs (HTTP/1.1 200) 1 headers in 61 bytes (0 switches on core 0)
Traceback (most recent call last):
  File "./wsgi.py", line 17, in application
    for key, value in post:
ValueError: too many values to unpack (expected 2)
[pid: 22979|app: 0|req: 4/4] 172.16.1.224 () {48 vars in 935 bytes} [Mon Dec  8 06:34:06 2014] POST /wsgi.py => generated 0 bytes in 1 msecs (HTTP/1.1 200) 1 headers in 61 bytes (0 switches on core 0)
Traceback (most recent call last):
  File "./wsgi.py", line 17, in application
    for key, value in post:
ValueError: too many values to unpack (expected 2)
[pid: 22979|app: 0|req: 5/5] 172.16.1.224 () {48 vars in 935 bytes} [Mon Dec  8 06:34:08 2014] POST /wsgi.py => generated 0 bytes in 0 msecs (HTTP/1.1 200) 1 headers in 61 bytes (0 switches on core 0)
Traceback (most recent call last):
  File "./wsgi.py", line 17, in application
    for key, value in post:
ValueError: too many values to unpack (expected 2)
[pid: 22979|app: 0|req: 6/6] 172.16.1.224 () {48 vars in 935 bytes} [Mon Dec  8 06:34:14 2014] POST /wsgi.py => generated 0 bytes in 0 msecs (HTTP/1.1 200) 1 headers in 61 bytes (0 switches on core 0)
*** Starting uWSGI 2.0.8 (64bit) on [Mon Dec  8 06:35:13 2014] ***
compiled with version: 4.8.2 on 07 December 2014 22:47:15
os: Linux-3.13.0-32-generic #57-Ubuntu SMP Tue Jul 15 03:51:08 UTC 2014
nodename: nginx-webserver
machine: x86_64
clock source: unix
detected number of CPU cores: 1
current working directory: /webserver/test2
detected binary path: /usr/bin/uwsgi
!!! no internal routing support, rebuild with pcre support !!!
*** WARNING: you are running uWSGI without its master process manager ***
your processes number limit is 3439
your memory page size is 4096 bytes
detected max file descriptor number: 1024
lock engine: pthread robust mutexes
thunder lock: disabled (you can enable it with --thunder-lock)
uwsgi socket 0 bound to TCP address 127.0.0.1:8080 fd 3
Python version: 3.4.0 (default, Apr 11 2014, 13:08:40)  [GCC 4.8.2]
*** Python threads support is disabled. You can enable it with --enable-threads ***
Python main interpreter initialized at 0x1064ba0
your server socket listen backlog is limited to 100 connections
your mercy for graceful operations on workers is 60 seconds
mapped 72760 bytes (71 KB) for 1 cores
*** Operational MODE: single process ***
WSGI app 0 (mountpoint='') ready in 0 seconds on interpreter 0x1064ba0 pid: 22990 (default app)
*** uWSGI is running in multiple interpreter mode ***
spawned uWSGI worker 1 (and the only) (pid: 22990, cores: 1)
[pid: 22990|app: 0|req: 1/1] 172.16.1.224 () {40 vars in 670 bytes} [Mon Dec  8 06:35:15 2014] GET / => generated 1202 bytes in 0 msecs (HTTP/1.1 200) 1 headers in 61 bytes (0 switches on core 0)
Traceback (most recent call last):
  File "./wsgi.py", line 17, in application
    for key, value, value2 in post:
ValueError: too many values to unpack (expected 3)
[pid: 22990|app: 0|req: 2/2] 172.16.1.224 () {48 vars in 935 bytes} [Mon Dec  8 06:35:22 2014] POST /wsgi.py => generated 0 bytes in 52 msecs (HTTP/1.1 200) 1 headers in 61 bytes (0 switches on core 0)
*** Starting uWSGI 2.0.8 (64bit) on [Mon Dec  8 06:47:03 2014] ***
compiled with version: 4.8.2 on 07 December 2014 22:47:15
os: Linux-3.13.0-32-generic #57-Ubuntu SMP Tue Jul 15 03:51:08 UTC 2014
nodename: nginx-webserver
machine: x86_64
clock source: unix
detected number of CPU cores: 1
current working directory: /webserver/test2
detected binary path: /usr/bin/uwsgi
!!! no internal routing support, rebuild with pcre support !!!
*** WARNING: you are running uWSGI without its master process manager ***
your processes number limit is 3439
your memory page size is 4096 bytes
detected max file descriptor number: 1024
lock engine: pthread robust mutexes
thunder lock: disabled (you can enable it with --thunder-lock)
uwsgi socket 0 bound to TCP address 127.0.0.1:8080 fd 3
Python version: 3.4.0 (default, Apr 11 2014, 13:08:40)  [GCC 4.8.2]
*** Python threads support is disabled. You can enable it with --enable-threads ***
Python main interpreter initialized at 0x10ebba0
your server socket listen backlog is limited to 100 connections
your mercy for graceful operations on workers is 60 seconds
mapped 72760 bytes (71 KB) for 1 cores
*** Operational MODE: single process ***
WSGI app 0 (mountpoint='') ready in 0 seconds on interpreter 0x10ebba0 pid: 23423 (default app)
*** uWSGI is running in multiple interpreter mode ***
spawned uWSGI worker 1 (and the only) (pid: 23423, cores: 1)
Traceback (most recent call last):
  File "./wsgi.py", line 18, in application
    stuff = stuff + key + ' ' + value + ' ' + value2 + '!'
NameError: name 'value' is not defined
[pid: 23423|app: 0|req: 1/1] 172.16.1.224 () {48 vars in 935 bytes} [Mon Dec  8 06:47:06 2014] POST /wsgi.py => generated 0 bytes in 80 msecs (HTTP/1.1 200) 1 headers in 61 bytes (0 switches on core 0)
*** Starting uWSGI 2.0.8 (64bit) on [Mon Dec  8 06:47:51 2014] ***
compiled with version: 4.8.2 on 07 December 2014 22:47:15
os: Linux-3.13.0-32-generic #57-Ubuntu SMP Tue Jul 15 03:51:08 UTC 2014
nodename: nginx-webserver
machine: x86_64
clock source: unix
detected number of CPU cores: 1
current working directory: /webserver/test2
detected binary path: /usr/bin/uwsgi
!!! no internal routing support, rebuild with pcre support !!!
*** WARNING: you are running uWSGI without its master process manager ***
your processes number limit is 3439
your memory page size is 4096 bytes
detected max file descriptor number: 1024
lock engine: pthread robust mutexes
thunder lock: disabled (you can enable it with --thunder-lock)
uwsgi socket 0 bound to TCP address 127.0.0.1:8080 fd 3
Python version: 3.4.0 (default, Apr 11 2014, 13:08:40)  [GCC 4.8.2]
*** Python threads support is disabled. You can enable it with --enable-threads ***
Python main interpreter initialized at 0xe6aba0
your server socket listen backlog is limited to 100 connections
your mercy for graceful operations on workers is 60 seconds
mapped 72760 bytes (71 KB) for 1 cores
*** Operational MODE: single process ***
WSGI app 0 (mountpoint='') ready in 0 seconds on interpreter 0xe6aba0 pid: 23425 (default app)
*** uWSGI is running in multiple interpreter mode ***
spawned uWSGI worker 1 (and the only) (pid: 23425, cores: 1)
[pid: 23425|app: 0|req: 1/1] 172.16.1.224 () {40 vars in 670 bytes} [Mon Dec  8 06:47:53 2014] GET / => generated 1202 bytes in 0 msecs (HTTP/1.1 200) 1 headers in 61 bytes (0 switches on core 0)
[pid: 23425|app: 0|req: 2/2] 172.16.1.224 () {48 vars in 935 bytes} [Mon Dec  8 06:48:00 2014] POST /wsgi.py => generated 10 bytes in 0 msecs (HTTP/1.1 200) 1 headers in 61 bytes (0 switches on core 0)
*** Starting uWSGI 2.0.8 (64bit) on [Mon Dec  8 06:48:35 2014] ***
compiled with version: 4.8.2 on 07 December 2014 22:47:15
os: Linux-3.13.0-32-generic #57-Ubuntu SMP Tue Jul 15 03:51:08 UTC 2014
nodename: nginx-webserver
machine: x86_64
clock source: unix
detected number of CPU cores: 1
current working directory: /webserver/test2
detected binary path: /usr/bin/uwsgi
!!! no internal routing support, rebuild with pcre support !!!
*** WARNING: you are running uWSGI without its master process manager ***
your processes number limit is 3439
your memory page size is 4096 bytes
detected max file descriptor number: 1024
lock engine: pthread robust mutexes
thunder lock: disabled (you can enable it with --thunder-lock)
uwsgi socket 0 bound to TCP address 127.0.0.1:8080 fd 3
Python version: 3.4.0 (default, Apr 11 2014, 13:08:40)  [GCC 4.8.2]
*** Python threads support is disabled. You can enable it with --enable-threads ***
Python main interpreter initialized at 0x1a7dba0
your server socket listen backlog is limited to 100 connections
your mercy for graceful operations on workers is 60 seconds
mapped 72760 bytes (71 KB) for 1 cores
*** Operational MODE: single process ***
WSGI app 0 (mountpoint='') ready in 0 seconds on interpreter 0x1a7dba0 pid: 23427 (default app)
*** uWSGI is running in multiple interpreter mode ***
spawned uWSGI worker 1 (and the only) (pid: 23427, cores: 1)
[pid: 23427|app: 0|req: 1/1] 172.16.1.224 () {48 vars in 935 bytes} [Mon Dec  8 06:48:37 2014] POST /wsgi.py => generated 14 bytes in 0 msecs (HTTP/1.1 200) 1 headers in 61 bytes (0 switches on core 0)
[pid: 23427|app: 0|req: 2/2] 172.16.1.224 () {38 vars in 563 bytes} [Mon Dec  8 06:49:35 2014] GET / => generated 1202 bytes in 0 msecs (HTTP/1.1 200) 1 headers in 61 bytes (0 switches on core 0)
[pid: 23427|app: 0|req: 3/3] 172.16.1.224 () {44 vars in 804 bytes} [Mon Dec  8 06:49:40 2014] POST /wsgi.py => generated 14 bytes in 0 msecs (HTTP/1.1 200) 1 headers in 61 bytes (0 switches on core 0)
[pid: 23427|app: 0|req: 4/4] 172.16.1.224 () {46 vars in 835 bytes} [Mon Dec  8 06:50:51 2014] POST /wsgi.py => generated 14 bytes in 0 msecs (HTTP/1.1 200) 1 headers in 61 bytes (0 switches on core 0)
[pid: 23427|app: 0|req: 5/5] 172.16.1.224 () {44 vars in 808 bytes} [Mon Dec  8 06:52:13 2014] POST /wsgi.py => generated 14 bytes in 0 msecs (HTTP/1.1 200) 1 headers in 61 bytes (0 switches on core 0)
[pid: 23427|app: 0|req: 6/6] 172.16.1.224 () {44 vars in 804 bytes} [Mon Dec  8 06:53:02 2014] POST /wsgi.py => generated 14 bytes in 0 msecs (HTTP/1.1 200) 1 headers in 61 bytes (0 switches on core 0)
[pid: 23427|app: 0|req: 7/7] 172.16.1.224 () {40 vars in 594 bytes} [Mon Dec  8 06:57:24 2014] GET / => generated 1202 bytes in 0 msecs (HTTP/1.1 200) 1 headers in 61 bytes (0 switches on core 0)
[pid: 23427|app: 0|req: 8/8] 172.16.1.224 () {44 vars in 806 bytes} [Mon Dec  8 06:57:32 2014] POST /wsgi.py => generated 14 bytes in 0 msecs (HTTP/1.1 200) 1 headers in 61 bytes (0 switches on core 0)
*** Starting uWSGI 2.0.8 (64bit) on [Mon Dec  8 07:15:35 2014] ***
compiled with version: 4.8.2 on 07 December 2014 22:47:15
os: Linux-3.13.0-32-generic #57-Ubuntu SMP Tue Jul 15 03:51:08 UTC 2014
nodename: nginx-webserver
machine: x86_64
clock source: unix
detected number of CPU cores: 1
current working directory: /webserver/test2
detected binary path: /usr/bin/uwsgi
!!! no internal routing support, rebuild with pcre support !!!
*** WARNING: you are running uWSGI without its master process manager ***
your processes number limit is 3439
your memory page size is 4096 bytes
detected max file descriptor number: 1024
lock engine: pthread robust mutexes
thunder lock: disabled (you can enable it with --thunder-lock)
uwsgi socket 0 bound to TCP address 127.0.0.1:8080 fd 3
Python version: 3.4.0 (default, Apr 11 2014, 13:08:40)  [GCC 4.8.2]
*** Python threads support is disabled. You can enable it with --enable-threads ***
Python main interpreter initialized at 0x22d8ba0
your server socket listen backlog is limited to 100 connections
your mercy for graceful operations on workers is 60 seconds
mapped 72760 bytes (71 KB) for 1 cores
*** Operational MODE: single process ***
WSGI app 0 (mountpoint='') ready in 0 seconds on interpreter 0x22d8ba0 pid: 23430 (default app)
*** uWSGI is running in multiple interpreter mode ***
spawned uWSGI worker 1 (and the only) (pid: 23430, cores: 1)
[pid: 23430|app: 0|req: 1/1] 172.16.1.224 () {48 vars in 935 bytes} [Mon Dec  8 07:16:01 2014] POST /wsgi.py => generated 14 bytes in 0 msecs (HTTP/1.1 200) 1 headers in 61 bytes (0 switches on core 0)
*** Starting uWSGI 2.0.8 (64bit) on [Mon Dec  8 07:21:40 2014] ***
compiled with version: 4.8.2 on 07 December 2014 22:47:15
os: Linux-3.13.0-32-generic #57-Ubuntu SMP Tue Jul 15 03:51:08 UTC 2014
nodename: nginx-webserver
machine: x86_64
clock source: unix
detected number of CPU cores: 1
current working directory: /webserver/test2
detected binary path: /usr/bin/uwsgi
!!! no internal routing support, rebuild with pcre support !!!
*** WARNING: you are running uWSGI without its master process manager ***
your processes number limit is 3439
your memory page size is 4096 bytes
detected max file descriptor number: 1024
lock engine: pthread robust mutexes
thunder lock: disabled (you can enable it with --thunder-lock)
uwsgi socket 0 bound to TCP address 127.0.0.1:8080 fd 3
Python version: 3.4.0 (default, Apr 11 2014, 13:08:40)  [GCC 4.8.2]
*** Python threads support is disabled. You can enable it with --enable-threads ***
Python main interpreter initialized at 0x1d42ba0
your server socket listen backlog is limited to 100 connections
your mercy for graceful operations on workers is 60 seconds
mapped 72760 bytes (71 KB) for 1 cores
*** Operational MODE: single process ***
WSGI app 0 (mountpoint='') ready in 0 seconds on interpreter 0x1d42ba0 pid: 23442 (default app)
*** uWSGI is running in multiple interpreter mode ***
spawned uWSGI worker 1 (and the only) (pid: 23442, cores: 1)
Traceback (most recent call last):
  File "./wsgi.py", line 12, in application
    post = urllib.parse.parse_qs(environ['wsgi.input'].readline().decode(),True)
NameError: name 'environ' is not defined
[pid: 23442|app: 0|req: 1/1] 172.16.1.224 () {44 vars in 806 bytes} [Mon Dec  8 07:21:48 2014] POST /wsgi.py => generated 0 bytes in 59 msecs (HTTP/1.1 500) 0 headers in 0 bytes (0 switches on core 0)
*** Starting uWSGI 2.0.8 (64bit) on [Mon Dec  8 07:21:54 2014] ***
compiled with version: 4.8.2 on 07 December 2014 22:47:15
os: Linux-3.13.0-32-generic #57-Ubuntu SMP Tue Jul 15 03:51:08 UTC 2014
nodename: nginx-webserver
machine: x86_64
clock source: unix
detected number of CPU cores: 1
current working directory: /webserver/test2
detected binary path: /usr/bin/uwsgi
!!! no internal routing support, rebuild with pcre support !!!
*** WARNING: you are running uWSGI without its master process manager ***
your processes number limit is 3439
your memory page size is 4096 bytes
detected max file descriptor number: 1024
lock engine: pthread robust mutexes
thunder lock: disabled (you can enable it with --thunder-lock)
uwsgi socket 0 bound to TCP address 127.0.0.1:8080 fd 3
Python version: 3.4.0 (default, Apr 11 2014, 13:08:40)  [GCC 4.8.2]
*** Python threads support is disabled. You can enable it with --enable-threads ***
Python main interpreter initialized at 0x1e22ba0
your server socket listen backlog is limited to 100 connections
your mercy for graceful operations on workers is 60 seconds
mapped 72760 bytes (71 KB) for 1 cores
*** Operational MODE: single process ***
WSGI app 0 (mountpoint='') ready in 0 seconds on interpreter 0x1e22ba0 pid: 23443 (default app)
*** uWSGI is running in multiple interpreter mode ***
spawned uWSGI worker 1 (and the only) (pid: 23443, cores: 1)
Traceback (most recent call last):
  File "./wsgi.py", line 12, in application
    post = urllib.parse.parse_qs(environ['wsgi.input'].readline().decode(),True)
NameError: name 'environ' is not defined
[pid: 23443|app: 0|req: 1/1] 172.16.1.224 () {46 vars in 837 bytes} [Mon Dec  8 07:21:57 2014] POST /wsgi.py => generated 0 bytes in 51 msecs (HTTP/1.1 500) 0 headers in 0 bytes (0 switches on core 0)
Traceback (most recent call last):
  File "./wsgi.py", line 12, in application
    post = urllib.parse.parse_qs(environ['wsgi.input'].readline().decode(),True)
NameError: name 'environ' is not defined
[pid: 23443|app: 0|req: 2/2] 172.16.1.224 () {40 vars in 594 bytes} [Mon Dec  8 07:22:00 2014] GET / => generated 0 bytes in 0 msecs (HTTP/1.1 500) 0 headers in 0 bytes (0 switches on core 0)
*** Starting uWSGI 2.0.8 (64bit) on [Mon Dec  8 07:22:22 2014] ***
compiled with version: 4.8.2 on 07 December 2014 22:47:15
os: Linux-3.13.0-32-generic #57-Ubuntu SMP Tue Jul 15 03:51:08 UTC 2014
nodename: nginx-webserver
machine: x86_64
clock source: unix
detected number of CPU cores: 1
current working directory: /webserver/test2
detected binary path: /usr/bin/uwsgi
!!! no internal routing support, rebuild with pcre support !!!
*** WARNING: you are running uWSGI without its master process manager ***
your processes number limit is 3439
your memory page size is 4096 bytes
detected max file descriptor number: 1024
lock engine: pthread robust mutexes
thunder lock: disabled (you can enable it with --thunder-lock)
uwsgi socket 0 bound to TCP address 127.0.0.1:8080 fd 3
Python version: 3.4.0 (default, Apr 11 2014, 13:08:40)  [GCC 4.8.2]
*** Python threads support is disabled. You can enable it with --enable-threads ***
Python main interpreter initialized at 0xf3aba0
your server socket listen backlog is limited to 100 connections
your mercy for graceful operations on workers is 60 seconds
mapped 72760 bytes (71 KB) for 1 cores
*** Operational MODE: single process ***
WSGI app 0 (mountpoint='') ready in 0 seconds on interpreter 0xf3aba0 pid: 23451 (default app)
*** uWSGI is running in multiple interpreter mode ***
spawned uWSGI worker 1 (and the only) (pid: 23451, cores: 1)
[pid: 23451|app: 0|req: 1/1] 172.16.1.224 () {40 vars in 594 bytes} [Mon Dec  8 07:22:24 2014] GET / => generated 1202 bytes in 0 msecs (HTTP/1.1 200) 1 headers in 61 bytes (0 switches on core 0)
[pid: 23451|app: 0|req: 2/2] 172.16.1.224 () {44 vars in 806 bytes} [Mon Dec  8 07:22:25 2014] POST /wsgi.py => generated 94 bytes in 0 msecs (HTTP/1.1 200) 1 headers in 61 bytes (0 switches on core 0)
*** Starting uWSGI 2.0.8 (64bit) on [Mon Dec  8 07:25:57 2014] ***
compiled with version: 4.8.2 on 07 December 2014 22:47:15
os: Linux-3.13.0-32-generic #57-Ubuntu SMP Tue Jul 15 03:51:08 UTC 2014
nodename: nginx-webserver
machine: x86_64
clock source: unix
detected number of CPU cores: 1
current working directory: /webserver/test2
detected binary path: /usr/bin/uwsgi
!!! no internal routing support, rebuild with pcre support !!!
*** WARNING: you are running uWSGI without its master process manager ***
your processes number limit is 3439
your memory page size is 4096 bytes
detected max file descriptor number: 1024
lock engine: pthread robust mutexes
thunder lock: disabled (you can enable it with --thunder-lock)
uwsgi socket 0 bound to TCP address 127.0.0.1:8080 fd 3
Python version: 3.4.0 (default, Apr 11 2014, 13:08:40)  [GCC 4.8.2]
*** Python threads support is disabled. You can enable it with --enable-threads ***
Python main interpreter initialized at 0x13feba0
your server socket listen backlog is limited to 100 connections
your mercy for graceful operations on workers is 60 seconds
mapped 72760 bytes (71 KB) for 1 cores
*** Operational MODE: single process ***
WSGI app 0 (mountpoint='') ready in 0 seconds on interpreter 0x13feba0 pid: 23452 (default app)
*** uWSGI is running in multiple interpreter mode ***
spawned uWSGI worker 1 (and the only) (pid: 23452, cores: 1)
[pid: 23452|app: 0|req: 1/1] 172.16.1.224 () {46 vars in 837 bytes} [Mon Dec  8 07:26:00 2014] POST /wsgi.py => generated 50 bytes in 0 msecs (HTTP/1.1 200) 1 headers in 61 bytes (0 switches on core 0)
[pid: 23452|app: 0|req: 2/2] 172.16.1.224 () {50 vars in 925 bytes} [Mon Dec  8 08:04:20 2014] POST /wsgi.py => generated 47 bytes in 0 msecs (HTTP/1.1 200) 1 headers in 61 bytes (0 switches on core 0)
[pid: 23452|app: 0|req: 3/3] 172.16.1.224 () {44 vars in 806 bytes} [Mon Dec  8 08:04:32 2014] POST /wsgi.py => generated 50 bytes in 0 msecs (HTTP/1.1 200) 1 headers in 61 bytes (0 switches on core 0)
[pid: 23452|app: 0|req: 4/4] 172.16.1.224 () {44 vars in 806 bytes} [Mon Dec  8 08:05:00 2014] POST /wsgi.py => generated 50 bytes in 0 msecs (HTTP/1.1 200) 1 headers in 61 bytes (0 switches on core 0)
[pid: 23452|app: 0|req: 5/5] 172.16.1.203 () {36 vars in 417 bytes} [Mon Dec  8 09:39:47 2014] GET / => generated 1202 bytes in 0 msecs (HTTP/1.1 200) 1 headers in 61 bytes (0 switches on core 0)
[pid: 23452|app: 0|req: 6/6] 172.16.1.203 () {26 vars in 327 bytes} [Mon Dec  8 09:39:48 2014] GET /nice%20ports%2C/Tri%6Eity.txt%2ebak => generated 1202 bytes in 0 msecs (HTTP/1.0 200) 1 headers in 61 bytes (0 switches on core 0)
*** Starting uWSGI 2.0.8 (64bit) on [Mon Dec  8 13:33:48 2014] ***
compiled with version: 4.8.2 on 07 December 2014 22:47:15
os: Linux-3.13.0-32-generic #57-Ubuntu SMP Tue Jul 15 03:51:08 UTC 2014
nodename: nginx-webserver
machine: x86_64
clock source: unix
detected number of CPU cores: 1
current working directory: /webserver/test2
detected binary path: /usr/bin/uwsgi
!!! no internal routing support, rebuild with pcre support !!!
*** WARNING: you are running uWSGI without its master process manager ***
your processes number limit is 3439
your memory page size is 4096 bytes
detected max file descriptor number: 1024
lock engine: pthread robust mutexes
thunder lock: disabled (you can enable it with --thunder-lock)
uwsgi socket 0 bound to TCP address 127.0.0.1:8080 fd 3
Python version: 3.4.0 (default, Apr 11 2014, 13:08:40)  [GCC 4.8.2]
*** Python threads support is disabled. You can enable it with --enable-threads ***
Python main interpreter initialized at 0x79dba0
your server socket listen backlog is limited to 100 connections
your mercy for graceful operations on workers is 60 seconds
mapped 72760 bytes (71 KB) for 1 cores
*** Operational MODE: single process ***
WSGI app 0 (mountpoint='') ready in 0 seconds on interpreter 0x79dba0 pid: 23691 (default app)
*** uWSGI is running in multiple interpreter mode ***
spawned uWSGI worker 1 (and the only) (pid: 23691, cores: 1)
[pid: 23691|app: 0|req: 1/1] 172.16.1.224 () {40 vars in 629 bytes} [Mon Dec  8 14:15:07 2014] GET / => generated 1202 bytes in 0 msecs (HTTP/1.1 200) 1 headers in 61 bytes (0 switches on core 0)
[pid: 23691|app: 0|req: 2/2] 172.16.1.224 () {50 vars in 925 bytes} [Mon Dec  8 14:15:13 2014] POST /wsgi.py => generated 47 bytes in 0 msecs (HTTP/1.1 200) 1 headers in 61 bytes (0 switches on core 0)
[pid: 23691|app: 0|req: 3/3] 172.16.1.224 () {50 vars in 925 bytes} [Mon Dec  8 14:15:45 2014] POST /wsgi.py => generated 47 bytes in 0 msecs (HTTP/1.1 200) 1 headers in 61 bytes (0 switches on core 0)
[pid: 23691|app: 0|req: 4/4] 172.16.1.224 () {50 vars in 925 bytes} [Mon Dec  8 14:15:49 2014] POST /wsgi.py => generated 47 bytes in 0 msecs (HTTP/1.1 200) 1 headers in 61 bytes (0 switches on core 0)
[pid: 23691|app: 0|req: 5/5] 172.16.1.224 () {50 vars in 925 bytes} [Mon Dec  8 14:15:53 2014] POST /wsgi.py => generated 47 bytes in 0 msecs (HTTP/1.1 200) 1 headers in 61 bytes (0 switches on core 0)
*** Starting uWSGI 2.0.8 (64bit) on [Mon Dec  8 14:18:44 2014] ***
compiled with version: 4.8.2 on 07 December 2014 22:47:15
os: Linux-3.13.0-32-generic #57-Ubuntu SMP Tue Jul 15 03:51:08 UTC 2014
nodename: nginx-webserver
machine: x86_64
clock source: unix
detected number of CPU cores: 1
current working directory: /webserver/test2
detected binary path: /usr/bin/uwsgi
!!! no internal routing support, rebuild with pcre support !!!
*** WARNING: you are running uWSGI without its master process manager ***
your processes number limit is 3439
your memory page size is 4096 bytes
detected max file descriptor number: 1024
lock engine: pthread robust mutexes
thunder lock: disabled (you can enable it with --thunder-lock)
uwsgi socket 0 bound to TCP address 127.0.0.1:8080 fd 3
Python version: 3.4.0 (default, Apr 11 2014, 13:08:40)  [GCC 4.8.2]
*** Python threads support is disabled. You can enable it with --enable-threads ***
Python main interpreter initialized at 0x251aba0
your server socket listen backlog is limited to 100 connections
your mercy for graceful operations on workers is 60 seconds
mapped 72760 bytes (71 KB) for 1 cores
*** Operational MODE: single process ***
  File "./wsgi.py", line 15
    stuff = stuff + key.decode('utf-8') '!'
                                          ^
SyntaxError: invalid syntax
unable to load app 0 (mountpoint='') (callable not found or import error)
*** no app loaded. going in full dynamic mode ***
*** uWSGI is running in multiple interpreter mode ***
spawned uWSGI worker 1 (and the only) (pid: 23716, cores: 1)
--- no python application found, check your startup logs for errors ---
[pid: 23716|app: -1|req: -1/1] 172.16.1.224 () {42 vars in 660 bytes} [Mon Dec  8 14:18:47 2014] GET / => generated 21 bytes in 0 msecs (HTTP/1.1 500) 2 headers in 83 bytes (0 switches on core 0)
--- no python application found, check your startup logs for errors ---
[pid: 23716|app: -1|req: -1/2] 172.16.1.224 () {42 vars in 660 bytes} [Mon Dec  8 14:18:47 2014] GET / => generated 21 bytes in 0 msecs (HTTP/1.1 500) 2 headers in 83 bytes (0 switches on core 0)
*** Starting uWSGI 2.0.8 (64bit) on [Mon Dec  8 14:19:57 2014] ***
compiled with version: 4.8.2 on 07 December 2014 22:47:15
os: Linux-3.13.0-32-generic #57-Ubuntu SMP Tue Jul 15 03:51:08 UTC 2014
nodename: nginx-webserver
machine: x86_64
clock source: unix
detected number of CPU cores: 1
current working directory: /webserver/test2
detected binary path: /usr/bin/uwsgi
!!! no internal routing support, rebuild with pcre support !!!
*** WARNING: you are running uWSGI without its master process manager ***
your processes number limit is 3439
your memory page size is 4096 bytes
detected max file descriptor number: 1024
lock engine: pthread robust mutexes
thunder lock: disabled (you can enable it with --thunder-lock)
uwsgi socket 0 bound to TCP address 127.0.0.1:8080 fd 3
Python version: 3.4.0 (default, Apr 11 2014, 13:08:40)  [GCC 4.8.2]
*** Python threads support is disabled. You can enable it with --enable-threads ***
Python main interpreter initialized at 0x1a57ba0
your server socket listen backlog is limited to 100 connections
your mercy for graceful operations on workers is 60 seconds
mapped 72760 bytes (71 KB) for 1 cores
*** Operational MODE: single process ***
WSGI app 0 (mountpoint='') ready in 0 seconds on interpreter 0x1a57ba0 pid: 23726 (default app)
*** uWSGI is running in multiple interpreter mode ***
spawned uWSGI worker 1 (and the only) (pid: 23726, cores: 1)
[pid: 23726|app: 0|req: 1/1] 172.16.1.224 () {42 vars in 660 bytes} [Mon Dec  8 14:20:00 2014] GET / => generated 1202 bytes in 0 msecs (HTTP/1.1 200) 1 headers in 61 bytes (0 switches on core 0)
Traceback (most recent call last):
  File "./wsgi.py", line 15, in application
    stuff = stuff + key.decode('utf-8') + '!'
AttributeError: 'str' object has no attribute 'decode'
[pid: 23726|app: 0|req: 2/2] 172.16.1.224 () {50 vars in 925 bytes} [Mon Dec  8 14:20:05 2014] POST /wsgi.py => generated 0 bytes in 50 msecs (HTTP/1.1 200) 1 headers in 61 bytes (0 switches on core 0)
*** Starting uWSGI 2.0.8 (64bit) on [Mon Dec  8 14:23:18 2014] ***
compiled with version: 4.8.2 on 07 December 2014 22:47:15
os: Linux-3.13.0-32-generic #57-Ubuntu SMP Tue Jul 15 03:51:08 UTC 2014
nodename: nginx-webserver
machine: x86_64
clock source: unix
detected number of CPU cores: 1
current working directory: /webserver/test2
detected binary path: /usr/bin/uwsgi
!!! no internal routing support, rebuild with pcre support !!!
*** WARNING: you are running uWSGI without its master process manager ***
your processes number limit is 3439
your memory page size is 4096 bytes
detected max file descriptor number: 1024
lock engine: pthread robust mutexes
thunder lock: disabled (you can enable it with --thunder-lock)
uwsgi socket 0 bound to TCP address 127.0.0.1:8080 fd 3
Python version: 3.4.0 (default, Apr 11 2014, 13:08:40)  [GCC 4.8.2]
*** Python threads support is disabled. You can enable it with --enable-threads ***
Python main interpreter initialized at 0xb11ba0
your server socket listen backlog is limited to 100 connections
your mercy for graceful operations on workers is 60 seconds
mapped 72760 bytes (71 KB) for 1 cores
*** Operational MODE: single process ***
WSGI app 0 (mountpoint='') ready in 0 seconds on interpreter 0xb11ba0 pid: 23728 (default app)
*** uWSGI is running in multiple interpreter mode ***
spawned uWSGI worker 1 (and the only) (pid: 23728, cores: 1)
[pid: 23728|app: 0|req: 1/1] 172.16.1.224 () {50 vars in 925 bytes} [Mon Dec  8 14:23:21 2014] POST /wsgi.py => generated 4 bytes in 0 msecs (HTTP/1.1 200) 1 headers in 61 bytes (0 switches on core 0)
*** Starting uWSGI 2.0.8 (64bit) on [Mon Dec  8 14:24:32 2014] ***
compiled with version: 4.8.2 on 07 December 2014 22:47:15
os: Linux-3.13.0-32-generic #57-Ubuntu SMP Tue Jul 15 03:51:08 UTC 2014
nodename: nginx-webserver
machine: x86_64
clock source: unix
detected number of CPU cores: 1
current working directory: /webserver/test2
detected binary path: /usr/bin/uwsgi
!!! no internal routing support, rebuild with pcre support !!!
*** WARNING: you are running uWSGI without its master process manager ***
your processes number limit is 3439
your memory page size is 4096 bytes
detected max file descriptor number: 1024
lock engine: pthread robust mutexes
thunder lock: disabled (you can enable it with --thunder-lock)
uwsgi socket 0 bound to TCP address 127.0.0.1:8080 fd 3
Python version: 3.4.0 (default, Apr 11 2014, 13:08:40)  [GCC 4.8.2]
*** Python threads support is disabled. You can enable it with --enable-threads ***
Python main interpreter initialized at 0x1872ba0
your server socket listen backlog is limited to 100 connections
your mercy for graceful operations on workers is 60 seconds
mapped 72760 bytes (71 KB) for 1 cores
*** Operational MODE: single process ***
WSGI app 0 (mountpoint='') ready in 0 seconds on interpreter 0x1872ba0 pid: 23739 (default app)
*** uWSGI is running in multiple interpreter mode ***
spawned uWSGI worker 1 (and the only) (pid: 23739, cores: 1)
[pid: 23739|app: 0|req: 1/1] 172.16.1.224 () {50 vars in 925 bytes} [Mon Dec  8 14:24:34 2014] POST /wsgi.py => generated 4 bytes in 0 msecs (HTTP/1.1 200) 1 headers in 61 bytes (0 switches on core 0)
[pid: 23739|app: 0|req: 2/2] 172.16.1.224 () {50 vars in 925 bytes} [Mon Dec  8 14:24:37 2014] POST /wsgi.py => generated 4 bytes in 0 msecs (HTTP/1.1 200) 1 headers in 61 bytes (0 switches on core 0)
*** Starting uWSGI 2.0.8 (64bit) on [Mon Dec  8 14:25:10 2014] ***
compiled with version: 4.8.2 on 07 December 2014 22:47:15
os: Linux-3.13.0-32-generic #57-Ubuntu SMP Tue Jul 15 03:51:08 UTC 2014
nodename: nginx-webserver
machine: x86_64
clock source: unix
detected number of CPU cores: 1
current working directory: /webserver/test2
detected binary path: /usr/bin/uwsgi
!!! no internal routing support, rebuild with pcre support !!!
*** WARNING: you are running uWSGI without its master process manager ***
your processes number limit is 3439
your memory page size is 4096 bytes
detected max file descriptor number: 1024
lock engine: pthread robust mutexes
thunder lock: disabled (you can enable it with --thunder-lock)
uwsgi socket 0 bound to TCP address 127.0.0.1:8080 fd 3
Python version: 3.4.0 (default, Apr 11 2014, 13:08:40)  [GCC 4.8.2]
*** Python threads support is disabled. You can enable it with --enable-threads ***
Python main interpreter initialized at 0xf52ba0
your server socket listen backlog is limited to 100 connections
your mercy for graceful operations on workers is 60 seconds
mapped 72760 bytes (71 KB) for 1 cores
*** Operational MODE: single process ***
WSGI app 0 (mountpoint='') ready in 0 seconds on interpreter 0xf52ba0 pid: 23740 (default app)
*** uWSGI is running in multiple interpreter mode ***
spawned uWSGI worker 1 (and the only) (pid: 23740, cores: 1)
[pid: 23740|app: 0|req: 1/1] 172.16.1.224 () {42 vars in 660 bytes} [Mon Dec  8 14:25:12 2014] GET / => generated 1202 bytes in 0 msecs (HTTP/1.1 200) 1 headers in 61 bytes (0 switches on core 0)
[pid: 23740|app: 0|req: 2/2] 172.16.1.224 () {50 vars in 925 bytes} [Mon Dec  8 14:25:16 2014] POST /wsgi.py => generated 4 bytes in 0 msecs (HTTP/1.1 200) 1 headers in 61 bytes (0 switches on core 0)
*** Starting uWSGI 2.0.8 (64bit) on [Mon Dec  8 14:27:12 2014] ***
compiled with version: 4.8.2 on 07 December 2014 22:47:15
os: Linux-3.13.0-32-generic #57-Ubuntu SMP Tue Jul 15 03:51:08 UTC 2014
nodename: nginx-webserver
machine: x86_64
clock source: unix
detected number of CPU cores: 1
current working directory: /webserver/test2
detected binary path: /usr/bin/uwsgi
!!! no internal routing support, rebuild with pcre support !!!
*** WARNING: you are running uWSGI without its master process manager ***
your processes number limit is 3439
your memory page size is 4096 bytes
detected max file descriptor number: 1024
lock engine: pthread robust mutexes
thunder lock: disabled (you can enable it with --thunder-lock)
uwsgi socket 0 bound to TCP address 127.0.0.1:8080 fd 3
Python version: 3.4.0 (default, Apr 11 2014, 13:08:40)  [GCC 4.8.2]
*** Python threads support is disabled. You can enable it with --enable-threads ***
Python main interpreter initialized at 0x16b0ba0
your server socket listen backlog is limited to 100 connections
your mercy for graceful operations on workers is 60 seconds
mapped 72760 bytes (71 KB) for 1 cores
*** Operational MODE: single process ***
WSGI app 0 (mountpoint='') ready in 0 seconds on interpreter 0x16b0ba0 pid: 23741 (default app)
*** uWSGI is running in multiple interpreter mode ***
spawned uWSGI worker 1 (and the only) (pid: 23741, cores: 1)
[pid: 23741|app: 0|req: 1/1] 172.16.1.224 () {50 vars in 925 bytes} [Mon Dec  8 14:27:14 2014] POST /wsgi.py => generated 4 bytes in 0 msecs (HTTP/1.1 200) 1 headers in 61 bytes (0 switches on core 0)
[pid: 23741|app: 0|req: 2/2] 172.16.1.224 () {50 vars in 925 bytes} [Mon Dec  8 14:27:16 2014] POST /wsgi.py => generated 4 bytes in 0 msecs (HTTP/1.1 200) 1 headers in 61 bytes (0 switches on core 0)
*** Starting uWSGI 2.0.8 (64bit) on [Mon Dec  8 14:28:36 2014] ***
compiled with version: 4.8.2 on 07 December 2014 22:47:15
os: Linux-3.13.0-32-generic #57-Ubuntu SMP Tue Jul 15 03:51:08 UTC 2014
nodename: nginx-webserver
machine: x86_64
clock source: unix
detected number of CPU cores: 1
current working directory: /webserver/test2
detected binary path: /usr/bin/uwsgi
!!! no internal routing support, rebuild with pcre support !!!
*** WARNING: you are running uWSGI without its master process manager ***
your processes number limit is 3439
your memory page size is 4096 bytes
detected max file descriptor number: 1024
lock engine: pthread robust mutexes
thunder lock: disabled (you can enable it with --thunder-lock)
uwsgi socket 0 bound to TCP address 127.0.0.1:8080 fd 3
Python version: 3.4.0 (default, Apr 11 2014, 13:08:40)  [GCC 4.8.2]
*** Python threads support is disabled. You can enable it with --enable-threads ***
Python main interpreter initialized at 0x2183ba0
your server socket listen backlog is limited to 100 connections
your mercy for graceful operations on workers is 60 seconds
mapped 72760 bytes (71 KB) for 1 cores
*** Operational MODE: single process ***
WSGI app 0 (mountpoint='') ready in 0 seconds on interpreter 0x2183ba0 pid: 23742 (default app)
*** uWSGI is running in multiple interpreter mode ***
spawned uWSGI worker 1 (and the only) (pid: 23742, cores: 1)
[pid: 23742|app: 0|req: 1/1] 172.16.1.224 () {50 vars in 925 bytes} [Mon Dec  8 14:28:39 2014] POST /wsgi.py => generated 4 bytes in 0 msecs (HTTP/1.1 200) 1 headers in 61 bytes (0 switches on core 0)
*** Starting uWSGI 2.0.8 (64bit) on [Mon Dec  8 14:28:58 2014] ***
compiled with version: 4.8.2 on 07 December 2014 22:47:15
os: Linux-3.13.0-32-generic #57-Ubuntu SMP Tue Jul 15 03:51:08 UTC 2014
nodename: nginx-webserver
machine: x86_64
clock source: unix
detected number of CPU cores: 1
current working directory: /webserver/test2
detected binary path: /usr/bin/uwsgi
!!! no internal routing support, rebuild with pcre support !!!
*** WARNING: you are running uWSGI without its master process manager ***
your processes number limit is 3439
your memory page size is 4096 bytes
detected max file descriptor number: 1024
lock engine: pthread robust mutexes
thunder lock: disabled (you can enable it with --thunder-lock)
uwsgi socket 0 bound to TCP address 127.0.0.1:8080 fd 3
Python version: 3.4.0 (default, Apr 11 2014, 13:08:40)  [GCC 4.8.2]
*** Python threads support is disabled. You can enable it with --enable-threads ***
Python main interpreter initialized at 0x2035ba0
your server socket listen backlog is limited to 100 connections
your mercy for graceful operations on workers is 60 seconds
mapped 72760 bytes (71 KB) for 1 cores
*** Operational MODE: single process ***
WSGI app 0 (mountpoint='') ready in 0 seconds on interpreter 0x2035ba0 pid: 23743 (default app)
*** uWSGI is running in multiple interpreter mode ***
spawned uWSGI worker 1 (and the only) (pid: 23743, cores: 1)
[pid: 23743|app: 0|req: 1/1] 172.16.1.224 () {50 vars in 925 bytes} [Mon Dec  8 14:29:00 2014] POST /wsgi.py => generated 4 bytes in 0 msecs (HTTP/1.1 200) 1 headers in 61 bytes (0 switches on core 0)
[pid: 23743|app: 0|req: 2/2] 172.16.1.224 () {50 vars in 925 bytes} [Mon Dec  8 14:30:29 2014] POST /wsgi.py => generated 4 bytes in 0 msecs (HTTP/1.1 200) 1 headers in 61 bytes (0 switches on core 0)
[pid: 23743|app: 0|req: 3/3] 172.16.1.224 () {50 vars in 925 bytes} [Mon Dec  8 14:32:24 2014] POST /wsgi.py => generated 4 bytes in 0 msecs (HTTP/1.1 200) 1 headers in 61 bytes (0 switches on core 0)
*** Starting uWSGI 2.0.8 (64bit) on [Mon Dec  8 14:32:26 2014] ***
compiled with version: 4.8.2 on 07 December 2014 22:47:15
os: Linux-3.13.0-32-generic #57-Ubuntu SMP Tue Jul 15 03:51:08 UTC 2014
nodename: nginx-webserver
machine: x86_64
clock source: unix
detected number of CPU cores: 1
current working directory: /webserver/test2
detected binary path: /usr/bin/uwsgi
!!! no internal routing support, rebuild with pcre support !!!
*** WARNING: you are running uWSGI without its master process manager ***
your processes number limit is 3439
your memory page size is 4096 bytes
detected max file descriptor number: 1024
lock engine: pthread robust mutexes
thunder lock: disabled (you can enable it with --thunder-lock)
uwsgi socket 0 bound to TCP address 127.0.0.1:8080 fd 3
Python version: 3.4.0 (default, Apr 11 2014, 13:08:40)  [GCC 4.8.2]
*** Python threads support is disabled. You can enable it with --enable-threads ***
Python main interpreter initialized at 0x1fb8ba0
your server socket listen backlog is limited to 100 connections
your mercy for graceful operations on workers is 60 seconds
mapped 72760 bytes (71 KB) for 1 cores
*** Operational MODE: single process ***
WSGI app 0 (mountpoint='') ready in 0 seconds on interpreter 0x1fb8ba0 pid: 23744 (default app)
*** uWSGI is running in multiple interpreter mode ***
spawned uWSGI worker 1 (and the only) (pid: 23744, cores: 1)
Traceback (most recent call last):
  File "./wsgi.py", line 9, in application
    post = env['wsgi.input'].read(contentLength).decode()
TypeError: an integer is required (got type str)
[pid: 23744|app: 0|req: 1/1] 172.16.1.224 () {50 vars in 925 bytes} [Mon Dec  8 14:32:29 2014] POST /wsgi.py => generated 0 bytes in 61 msecs (HTTP/1.1 500) 0 headers in 0 bytes (0 switches on core 0)
*** Starting uWSGI 2.0.8 (64bit) on [Mon Dec  8 14:33:03 2014] ***
compiled with version: 4.8.2 on 07 December 2014 22:47:15
os: Linux-3.13.0-32-generic #57-Ubuntu SMP Tue Jul 15 03:51:08 UTC 2014
nodename: nginx-webserver
machine: x86_64
clock source: unix
detected number of CPU cores: 1
current working directory: /webserver/test2
detected binary path: /usr/bin/uwsgi
!!! no internal routing support, rebuild with pcre support !!!
*** WARNING: you are running uWSGI without its master process manager ***
your processes number limit is 3439
your memory page size is 4096 bytes
detected max file descriptor number: 1024
lock engine: pthread robust mutexes
thunder lock: disabled (you can enable it with --thunder-lock)
uwsgi socket 0 bound to TCP address 127.0.0.1:8080 fd 3
Python version: 3.4.0 (default, Apr 11 2014, 13:08:40)  [GCC 4.8.2]
*** Python threads support is disabled. You can enable it with --enable-threads ***
Python main interpreter initialized at 0x1dfcba0
your server socket listen backlog is limited to 100 connections
your mercy for graceful operations on workers is 60 seconds
mapped 72760 bytes (71 KB) for 1 cores
*** Operational MODE: single process ***
WSGI app 0 (mountpoint='') ready in 0 seconds on interpreter 0x1dfcba0 pid: 23746 (default app)
*** uWSGI is running in multiple interpreter mode ***
spawned uWSGI worker 1 (and the only) (pid: 23746, cores: 1)
[pid: 23746|app: 0|req: 1/1] 172.16.1.224 () {50 vars in 925 bytes} [Mon Dec  8 14:33:05 2014] POST /wsgi.py => generated 442 bytes in 0 msecs (HTTP/1.1 200) 1 headers in 61 bytes (0 switches on core 0)
Traceback (most recent call last):
  File "./wsgi.py", line 6, in application
    contentLength = int(env['CONTENT_LENGTH'])
ValueError: invalid literal for int() with base 10: ''
[pid: 23746|app: 0|req: 2/2] 172.16.1.224 () {38 vars in 563 bytes} [Mon Dec  8 14:33:25 2014] GET / => generated 0 bytes in 56 msecs (HTTP/1.1 500) 0 headers in 0 bytes (0 switches on core 0)
*** Starting uWSGI 2.0.8 (64bit) on [Mon Dec  8 14:36:03 2014] ***
compiled with version: 4.8.2 on 07 December 2014 22:47:15
os: Linux-3.13.0-32-generic #57-Ubuntu SMP Tue Jul 15 03:51:08 UTC 2014
nodename: nginx-webserver
machine: x86_64
clock source: unix
detected number of CPU cores: 1
current working directory: /webserver/test2
detected binary path: /usr/bin/uwsgi
!!! no internal routing support, rebuild with pcre support !!!
*** WARNING: you are running uWSGI without its master process manager ***
your processes number limit is 3439
your memory page size is 4096 bytes
detected max file descriptor number: 1024
lock engine: pthread robust mutexes
thunder lock: disabled (you can enable it with --thunder-lock)
uwsgi socket 0 bound to TCP address 127.0.0.1:8080 fd 3
Python version: 3.4.0 (default, Apr 11 2014, 13:08:40)  [GCC 4.8.2]
*** Python threads support is disabled. You can enable it with --enable-threads ***
Python main interpreter initialized at 0x89bba0
your server socket listen backlog is limited to 100 connections
your mercy for graceful operations on workers is 60 seconds
mapped 72760 bytes (71 KB) for 1 cores
*** Operational MODE: single process ***
WSGI app 0 (mountpoint='') ready in 0 seconds on interpreter 0x89bba0 pid: 23748 (default app)
*** uWSGI is running in multiple interpreter mode ***
spawned uWSGI worker 1 (and the only) (pid: 23748, cores: 1)
[pid: 23748|app: 0|req: 1/1] 172.16.1.224 () {40 vars in 594 bytes} [Mon Dec  8 14:36:05 2014] GET / => generated 1202 bytes in 0 msecs (HTTP/1.1 200) 1 headers in 61 bytes (0 switches on core 0)
[pid: 23748|app: 0|req: 2/2] 172.16.1.224 () {44 vars in 808 bytes} [Mon Dec  8 14:36:12 2014] POST /wsgi.py => generated 481 bytes in 0 msecs (HTTP/1.1 200) 1 headers in 61 bytes (0 switches on core 0)
[pid: 23748|app: 0|req: 3/3] 172.16.1.224 () {46 vars in 839 bytes} [Mon Dec  8 14:36:21 2014] POST /wsgi.py => generated 481 bytes in 0 msecs (HTTP/1.1 200) 1 headers in 61 bytes (0 switches on core 0)
[pid: 23748|app: 0|req: 4/4] 172.16.1.224 () {46 vars in 839 bytes} [Mon Dec  8 14:37:09 2014] POST /wsgi.py => generated 481 bytes in 0 msecs (HTTP/1.1 200) 1 headers in 61 bytes (0 switches on core 0)
*** Starting uWSGI 2.0.8 (64bit) on [Mon Dec  8 14:49:24 2014] ***
compiled with version: 4.8.2 on 07 December 2014 22:47:15
os: Linux-3.13.0-32-generic #57-Ubuntu SMP Tue Jul 15 03:51:08 UTC 2014
nodename: nginx-webserver
machine: x86_64
clock source: unix
detected number of CPU cores: 1
current working directory: /webserver/test2
detected binary path: /usr/bin/uwsgi
!!! no internal routing support, rebuild with pcre support !!!
*** WARNING: you are running uWSGI without its master process manager ***
your processes number limit is 3439
your memory page size is 4096 bytes
detected max file descriptor number: 1024
lock engine: pthread robust mutexes
thunder lock: disabled (you can enable it with --thunder-lock)
uwsgi socket 0 bound to TCP address 127.0.0.1:8080 fd 3
Python version: 3.4.0 (default, Apr 11 2014, 13:08:40)  [GCC 4.8.2]
*** Python threads support is disabled. You can enable it with --enable-threads ***
Python main interpreter initialized at 0x21caba0
your server socket listen backlog is limited to 100 connections
your mercy for graceful operations on workers is 60 seconds
mapped 72760 bytes (71 KB) for 1 cores
*** Operational MODE: single process ***
WSGI app 0 (mountpoint='') ready in 0 seconds on interpreter 0x21caba0 pid: 23792 (default app)
*** uWSGI is running in multiple interpreter mode ***
spawned uWSGI worker 1 (and the only) (pid: 23792, cores: 1)
Traceback (most recent call last):
  File "./wsgi.py", line 17, in application
    return(post.encode('utf-8'))
AttributeError: 'dict' object has no attribute 'encode'
[pid: 23792|app: 0|req: 1/1] 172.16.1.224 () {46 vars in 839 bytes} [Mon Dec  8 14:49:32 2014] POST /wsgi.py => generated 0 bytes in 51 msecs (HTTP/1.1 200) 1 headers in 61 bytes (0 switches on core 0)
*** Starting uWSGI 2.0.8 (64bit) on [Mon Dec  8 14:50:43 2014] ***
compiled with version: 4.8.2 on 07 December 2014 22:47:15
os: Linux-3.13.0-32-generic #57-Ubuntu SMP Tue Jul 15 03:51:08 UTC 2014
nodename: nginx-webserver
machine: x86_64
clock source: unix
detected number of CPU cores: 1
current working directory: /webserver/test2
detected binary path: /usr/bin/uwsgi
!!! no internal routing support, rebuild with pcre support !!!
*** WARNING: you are running uWSGI without its master process manager ***
your processes number limit is 3439
your memory page size is 4096 bytes
detected max file descriptor number: 1024
lock engine: pthread robust mutexes
thunder lock: disabled (you can enable it with --thunder-lock)
uwsgi socket 0 bound to TCP address 127.0.0.1:8080 fd 3
Python version: 3.4.0 (default, Apr 11 2014, 13:08:40)  [GCC 4.8.2]
*** Python threads support is disabled. You can enable it with --enable-threads ***
Python main interpreter initialized at 0x1f53ba0
your server socket listen backlog is limited to 100 connections
your mercy for graceful operations on workers is 60 seconds
mapped 72760 bytes (71 KB) for 1 cores
*** Operational MODE: single process ***
WSGI app 0 (mountpoint='') ready in 0 seconds on interpreter 0x1f53ba0 pid: 23793 (default app)
*** uWSGI is running in multiple interpreter mode ***
spawned uWSGI worker 1 (and the only) (pid: 23793, cores: 1)
[pid: 23793|app: 0|req: 1/1] 172.16.1.224 () {46 vars in 839 bytes} [Mon Dec  8 14:50:45 2014] POST /wsgi.py => generated 5 bytes in 0 msecs (HTTP/1.1 200) 1 headers in 61 bytes (1 switches on core 0)
*** Starting uWSGI 2.0.8 (64bit) on [Mon Dec  8 14:51:28 2014] ***
compiled with version: 4.8.2 on 07 December 2014 22:47:15
os: Linux-3.13.0-32-generic #57-Ubuntu SMP Tue Jul 15 03:51:08 UTC 2014
nodename: nginx-webserver
machine: x86_64
clock source: unix
detected number of CPU cores: 1
current working directory: /webserver/test2
detected binary path: /usr/bin/uwsgi
!!! no internal routing support, rebuild with pcre support !!!
*** WARNING: you are running uWSGI without its master process manager ***
your processes number limit is 3439
your memory page size is 4096 bytes
detected max file descriptor number: 1024
lock engine: pthread robust mutexes
thunder lock: disabled (you can enable it with --thunder-lock)
uwsgi socket 0 bound to TCP address 127.0.0.1:8080 fd 3
Python version: 3.4.0 (default, Apr 11 2014, 13:08:40)  [GCC 4.8.2]
*** Python threads support is disabled. You can enable it with --enable-threads ***
Python main interpreter initialized at 0x1f35ba0
your server socket listen backlog is limited to 100 connections
your mercy for graceful operations on workers is 60 seconds
mapped 72760 bytes (71 KB) for 1 cores
*** Operational MODE: single process ***
WSGI app 0 (mountpoint='') ready in 0 seconds on interpreter 0x1f35ba0 pid: 23794 (default app)
*** uWSGI is running in multiple interpreter mode ***
spawned uWSGI worker 1 (and the only) (pid: 23794, cores: 1)
[pid: 23794|app: 0|req: 1/1] 172.16.1.224 () {46 vars in 839 bytes} [Mon Dec  8 14:51:29 2014] POST /wsgi.py => generated 5 bytes in 0 msecs (HTTP/1.1 200) 1 headers in 61 bytes (1 switches on core 0)
[pid: 23794|app: 0|req: 2/2] 172.16.1.224 () {44 vars in 804 bytes} [Mon Dec  8 14:52:37 2014] POST /wsgi.py => generated 5 bytes in 0 msecs (HTTP/1.1 200) 1 headers in 61 bytes (1 switches on core 0)
[pid: 23794|app: 0|req: 3/3] 172.16.1.224 () {44 vars in 806 bytes} [Mon Dec  8 14:52:53 2014] POST /wsgi.py => generated 5 bytes in 0 msecs (HTTP/1.1 200) 1 headers in 61 bytes (1 switches on core 0)
*** Starting uWSGI 2.0.8 (64bit) on [Mon Dec  8 14:52:56 2014] ***
compiled with version: 4.8.2 on 07 December 2014 22:47:15
os: Linux-3.13.0-32-generic #57-Ubuntu SMP Tue Jul 15 03:51:08 UTC 2014
nodename: nginx-webserver
machine: x86_64
clock source: unix
detected number of CPU cores: 1
current working directory: /webserver/test2
detected binary path: /usr/bin/uwsgi
!!! no internal routing support, rebuild with pcre support !!!
*** WARNING: you are running uWSGI without its master process manager ***
your processes number limit is 3439
your memory page size is 4096 bytes
detected max file descriptor number: 1024
lock engine: pthread robust mutexes
thunder lock: disabled (you can enable it with --thunder-lock)
uwsgi socket 0 bound to TCP address 127.0.0.1:8080 fd 3
Python version: 3.4.0 (default, Apr 11 2014, 13:08:40)  [GCC 4.8.2]
*** Python threads support is disabled. You can enable it with --enable-threads ***
Python main interpreter initialized at 0x1b6aba0
your server socket listen backlog is limited to 100 connections
your mercy for graceful operations on workers is 60 seconds
mapped 72760 bytes (71 KB) for 1 cores
*** Operational MODE: single process ***
WSGI app 0 (mountpoint='') ready in 0 seconds on interpreter 0x1b6aba0 pid: 23795 (default app)
*** uWSGI is running in multiple interpreter mode ***
spawned uWSGI worker 1 (and the only) (pid: 23795, cores: 1)
[pid: 23795|app: 0|req: 1/1] 172.16.1.224 () {46 vars in 837 bytes} [Mon Dec  8 14:52:59 2014] POST /wsgi.py => generated 476 bytes in 0 msecs (HTTP/1.1 200) 1 headers in 61 bytes (0 switches on core 0)
*** Starting uWSGI 2.0.8 (64bit) on [Mon Dec  8 15:04:55 2014] ***
compiled with version: 4.8.2 on 07 December 2014 22:47:15
os: Linux-3.13.0-32-generic #57-Ubuntu SMP Tue Jul 15 03:51:08 UTC 2014
nodename: nginx-webserver
machine: x86_64
clock source: unix
detected number of CPU cores: 1
current working directory: /webserver/test2
detected binary path: /usr/bin/uwsgi
!!! no internal routing support, rebuild with pcre support !!!
*** WARNING: you are running uWSGI without its master process manager ***
your processes number limit is 3439
your memory page size is 4096 bytes
detected max file descriptor number: 1024
lock engine: pthread robust mutexes
thunder lock: disabled (you can enable it with --thunder-lock)
uwsgi socket 0 bound to TCP address 127.0.0.1:8080 fd 3
Python version: 3.4.0 (default, Apr 11 2014, 13:08:40)  [GCC 4.8.2]
*** Python threads support is disabled. You can enable it with --enable-threads ***
Python main interpreter initialized at 0xbb3ba0
your server socket listen backlog is limited to 100 connections
your mercy for graceful operations on workers is 60 seconds
mapped 72760 bytes (71 KB) for 1 cores
*** Operational MODE: single process ***
WSGI app 0 (mountpoint='') ready in 0 seconds on interpreter 0xbb3ba0 pid: 23797 (default app)
*** uWSGI is running in multiple interpreter mode ***
spawned uWSGI worker 1 (and the only) (pid: 23797, cores: 1)
[pid: 23797|app: 0|req: 1/1] 172.16.1.224 () {46 vars in 837 bytes} [Mon Dec  8 15:05:02 2014] POST /wsgi.py => generated 513 bytes in 0 msecs (HTTP/1.1 200) 1 headers in 61 bytes (18 switches on core 0)
